java.lang.NullPointerException
	at server.TimerManager.schedule(TimerManager.java:83)
	at client.MapleClient.sendPing(MapleClient.java:705)
	at net.MapleServerHandler.sessionIdle(MapleServerHandler.java:130)
	at org.apache.mina.core.filterchain.DefaultIoFilterChain$TailFilter.sessionIdle(DefaultIoFilterChain.java:689)
	at org.apache.mina.core.filterchain.DefaultIoFilterChain.callNextSessionIdle(DefaultIoFilterChain.java:412)
	at org.apache.mina.core.filterchain.DefaultIoFilterChain.access$1000(DefaultIoFilterChain.java:46)
	at org.apache.mina.core.filterchain.DefaultIoFilterChain$EntryImpl$1.sessionIdle(DefaultIoFilterChain.java:786)
	at org.apache.mina.core.filterchain.IoFilterAdapter.sessionIdle(IoFilterAdapter.java:103)
	at org.apache.mina.core.filterchain.DefaultIoFilterChain.callNextSessionIdle(DefaultIoFilterChain.java:412)
	at org.apache.mina.core.filterchain.DefaultIoFilterChain.access$1000(DefaultIoFilterChain.java:46)
	at org.apache.mina.core.filterchain.DefaultIoFilterChain$EntryImpl$1.sessionIdle(DefaultIoFilterChain.java:786)
	at org.apache.mina.core.filterchain.IoFilterAdapter.sessionIdle(IoFilterAdapter.java:103)
	at org.apache.mina.core.filterchain.DefaultIoFilterChain.callNextSessionIdle(DefaultIoFilterChain.java:412)
	at org.apache.mina.core.filterchain.DefaultIoFilterChain.fireSessionIdle(DefaultIoFilterChain.java:404)
	at org.apache.mina.core.session.AbstractIoSession.notifyIdleSession0(AbstractIoSession.java:1300)
	at org.apache.mina.core.session.AbstractIoSession.notifyIdleSession(AbstractIoSession.java:1283)
	at org.apache.mina.core.session.AbstractIoSession.notifyIdleness(AbstractIoSession.java:1271)
	at org.apache.mina.core.polling.AbstractPollingIoProcessor.notifyIdleSessions(AbstractPollingIoProcessor.java:770)
	at org.apache.mina.core.polling.AbstractPollingIoProcessor.access$900(AbstractPollingIoProcessor.java:68)
	at org.apache.mina.core.polling.AbstractPollingIoProcessor$Processor.run(AbstractPollingIoProcessor.java:1152)
	at org.apache.mina.util.NamePreservingRunnable.run(NamePreservingRunnable.java:64)
	at java.util.concurrent.ThreadPoolExecutor$Worker.runTask(Unknown Source)
	at java.util.concurrent.ThreadPoolExecutor$Worker.run(Unknown Source)
	at java.lang.Thread.run(Unknown Source)

java.lang.NullPointerException
	at server.TimerManager.schedule(TimerManager.java:83)
	at client.MapleClient.sendPing(MapleClient.java:705)
	at net.MapleServerHandler.sessionIdle(MapleServerHandler.java:130)
	at org.apache.mina.core.filterchain.DefaultIoFilterChain$TailFilter.sessionIdle(DefaultIoFilterChain.java:689)
	at org.apache.mina.core.filterchain.DefaultIoFilterChain.callNextSessionIdle(DefaultIoFilterChain.java:412)
	at org.apache.mina.core.filterchain.DefaultIoFilterChain.access$1000(DefaultIoFilterChain.java:46)
	at org.apache.mina.core.filterchain.DefaultIoFilterChain$EntryImpl$1.sessionIdle(DefaultIoFilterChain.java:786)
	at org.apache.mina.core.filterchain.IoFilterAdapter.sessionIdle(IoFilterAdapter.java:103)
	at org.apache.mina.core.filterchain.DefaultIoFilterChain.callNextSessionIdle(DefaultIoFilterChain.java:412)
	at org.apache.mina.core.filterchain.DefaultIoFilterChain.access$1000(DefaultIoFilterChain.java:46)
	at org.apache.mina.core.filterchain.DefaultIoFilterChain$EntryImpl$1.sessionIdle(DefaultIoFilterChain.java:786)
	at org.apache.mina.core.filterchain.IoFilterAdapter.sessionIdle(IoFilterAdapter.java:103)
	at org.apache.mina.core.filterchain.DefaultIoFilterChain.callNextSessionIdle(DefaultIoFilterChain.java:412)
	at org.apache.mina.core.filterchain.DefaultIoFilterChain.fireSessionIdle(DefaultIoFilterChain.java:404)
	at org.apache.mina.core.session.AbstractIoSession.notifyIdleSession0(AbstractIoSession.java:1300)
	at org.apache.mina.core.session.AbstractIoSession.notifyIdleSession(AbstractIoSession.java:1283)
	at org.apache.mina.core.session.AbstractIoSession.notifyIdleness(AbstractIoSession.java:1271)
	at org.apache.mina.core.polling.AbstractPollingIoProcessor.notifyIdleSessions(AbstractPollingIoProcessor.java:770)
	at org.apache.mina.core.polling.AbstractPollingIoProcessor.access$900(AbstractPollingIoProcessor.java:68)
	at org.apache.mina.core.polling.AbstractPollingIoProcessor$Processor.run(AbstractPollingIoProcessor.java:1152)
	at org.apache.mina.util.NamePreservingRunnable.run(NamePreservingRunnable.java:64)
	at java.util.concurrent.ThreadPoolExecutor$Worker.runTask(Unknown Source)
	at java.util.concurrent.ThreadPoolExecutor$Worker.run(Unknown Source)
	at java.lang.Thread.run(Unknown Source)

java.lang.NullPointerException
	at server.TimerManager.schedule(TimerManager.java:83)
	at client.MapleClient.sendPing(MapleClient.java:705)
	at net.MapleServerHandler.sessionIdle(MapleServerHandler.java:130)
	at org.apache.mina.core.filterchain.DefaultIoFilterChain$TailFilter.sessionIdle(DefaultIoFilterChain.java:689)
	at org.apache.mina.core.filterchain.DefaultIoFilterChain.callNextSessionIdle(DefaultIoFilterChain.java:412)
	at org.apache.mina.core.filterchain.DefaultIoFilterChain.access$1000(DefaultIoFilterChain.java:46)
	at org.apache.mina.core.filterchain.DefaultIoFilterChain$EntryImpl$1.sessionIdle(DefaultIoFilterChain.java:786)
	at org.apache.mina.core.filterchain.IoFilterAdapter.sessionIdle(IoFilterAdapter.java:103)
	at org.apache.mina.core.filterchain.DefaultIoFilterChain.callNextSessionIdle(DefaultIoFilterChain.java:412)
	at org.apache.mina.core.filterchain.DefaultIoFilterChain.access$1000(DefaultIoFilterChain.java:46)
	at org.apache.mina.core.filterchain.DefaultIoFilterChain$EntryImpl$1.sessionIdle(DefaultIoFilterChain.java:786)
	at org.apache.mina.core.filterchain.IoFilterAdapter.sessionIdle(IoFilterAdapter.java:103)
	at org.apache.mina.core.filterchain.DefaultIoFilterChain.callNextSessionIdle(DefaultIoFilterChain.java:412)
	at org.apache.mina.core.filterchain.DefaultIoFilterChain.fireSessionIdle(DefaultIoFilterChain.java:404)
	at org.apache.mina.core.session.AbstractIoSession.notifyIdleSession0(AbstractIoSession.java:1300)
	at org.apache.mina.core.session.AbstractIoSession.notifyIdleSession(AbstractIoSession.java:1283)
	at org.apache.mina.core.session.AbstractIoSession.notifyIdleness(AbstractIoSession.java:1271)
	at org.apache.mina.core.polling.AbstractPollingIoProcessor.notifyIdleSessions(AbstractPollingIoProcessor.java:770)
	at org.apache.mina.core.polling.AbstractPollingIoProcessor.access$900(AbstractPollingIoProcessor.java:68)
	at org.apache.mina.core.polling.AbstractPollingIoProcessor$Processor.run(AbstractPollingIoProcessor.java:1152)
	at org.apache.mina.util.NamePreservingRunnable.run(NamePreservingRunnable.java:64)
	at java.util.concurrent.ThreadPoolExecutor$Worker.runTask(Unknown Source)
	at java.util.concurrent.ThreadPoolExecutor$Worker.run(Unknown Source)
	at java.lang.Thread.run(Unknown Source)

java.lang.NullPointerException
	at server.TimerManager.schedule(TimerManager.java:83)
	at client.MapleClient.sendPing(MapleClient.java:705)
	at net.MapleServerHandler.sessionIdle(MapleServerHandler.java:130)
	at org.apache.mina.core.filterchain.DefaultIoFilterChain$TailFilter.sessionIdle(DefaultIoFilterChain.java:689)
	at org.apache.mina.core.filterchain.DefaultIoFilterChain.callNextSessionIdle(DefaultIoFilterChain.java:412)
	at org.apache.mina.core.filterchain.DefaultIoFilterChain.access$1000(DefaultIoFilterChain.java:46)
	at org.apache.mina.core.filterchain.DefaultIoFilterChain$EntryImpl$1.sessionIdle(DefaultIoFilterChain.java:786)
	at org.apache.mina.core.filterchain.IoFilterAdapter.sessionIdle(IoFilterAdapter.java:103)
	at org.apache.mina.core.filterchain.DefaultIoFilterChain.callNextSessionIdle(DefaultIoFilterChain.java:412)
	at org.apache.mina.core.filterchain.DefaultIoFilterChain.access$1000(DefaultIoFilterChain.java:46)
	at org.apache.mina.core.filterchain.DefaultIoFilterChain$EntryImpl$1.sessionIdle(DefaultIoFilterChain.java:786)
	at org.apache.mina.core.filterchain.IoFilterAdapter.sessionIdle(IoFilterAdapter.java:103)
	at org.apache.mina.core.filterchain.DefaultIoFilterChain.callNextSessionIdle(DefaultIoFilterChain.java:412)
	at org.apache.mina.core.filterchain.DefaultIoFilterChain.fireSessionIdle(DefaultIoFilterChain.java:404)
	at org.apache.mina.core.session.AbstractIoSession.notifyIdleSession0(AbstractIoSession.java:1300)
	at org.apache.mina.core.session.AbstractIoSession.notifyIdleSession(AbstractIoSession.java:1283)
	at org.apache.mina.core.session.AbstractIoSession.notifyIdleness(AbstractIoSession.java:1271)
	at org.apache.mina.core.polling.AbstractPollingIoProcessor.notifyIdleSessions(AbstractPollingIoProcessor.java:770)
	at org.apache.mina.core.polling.AbstractPollingIoProcessor.access$900(AbstractPollingIoProcessor.java:68)
	at org.apache.mina.core.polling.AbstractPollingIoProcessor$Processor.run(AbstractPollingIoProcessor.java:1152)
	at org.apache.mina.util.NamePreservingRunnable.run(NamePreservingRunnable.java:64)
	at java.util.concurrent.ThreadPoolExecutor$Worker.runTask(Unknown Source)
	at java.util.concurrent.ThreadPoolExecutor$Worker.run(Unknown Source)
	at java.lang.Thread.run(Unknown Source)

java.lang.NullPointerException
	at server.TimerManager.schedule(TimerManager.java:83)
	at client.MapleClient.sendPing(MapleClient.java:705)
	at net.MapleServerHandler.sessionIdle(MapleServerHandler.java:130)
	at org.apache.mina.core.filterchain.DefaultIoFilterChain$TailFilter.sessionIdle(DefaultIoFilterChain.java:689)
	at org.apache.mina.core.filterchain.DefaultIoFilterChain.callNextSessionIdle(DefaultIoFilterChain.java:412)
	at org.apache.mina.core.filterchain.DefaultIoFilterChain.access$1000(DefaultIoFilterChain.java:46)
	at org.apache.mina.core.filterchain.DefaultIoFilterChain$EntryImpl$1.sessionIdle(DefaultIoFilterChain.java:786)
	at org.apache.mina.core.filterchain.IoFilterAdapter.sessionIdle(IoFilterAdapter.java:103)
	at org.apache.mina.core.filterchain.DefaultIoFilterChain.callNextSessionIdle(DefaultIoFilterChain.java:412)
	at org.apache.mina.core.filterchain.DefaultIoFilterChain.access$1000(DefaultIoFilterChain.java:46)
	at org.apache.mina.core.filterchain.DefaultIoFilterChain$EntryImpl$1.sessionIdle(DefaultIoFilterChain.java:786)
	at org.apache.mina.core.filterchain.IoFilterAdapter.sessionIdle(IoFilterAdapter.java:103)
	at org.apache.mina.core.filterchain.DefaultIoFilterChain.callNextSessionIdle(DefaultIoFilterChain.java:412)
	at org.apache.mina.core.filterchain.DefaultIoFilterChain.fireSessionIdle(DefaultIoFilterChain.java:404)
	at org.apache.mina.core.session.AbstractIoSession.notifyIdleSession0(AbstractIoSession.java:1300)
	at org.apache.mina.core.session.AbstractIoSession.notifyIdleSession(AbstractIoSession.java:1283)
	at org.apache.mina.core.session.AbstractIoSession.notifyIdleness(AbstractIoSession.java:1271)
	at org.apache.mina.core.polling.AbstractPollingIoProcessor.notifyIdleSessions(AbstractPollingIoProcessor.java:770)
	at org.apache.mina.core.polling.AbstractPollingIoProcessor.access$900(AbstractPollingIoProcessor.java:68)
	at org.apache.mina.core.polling.AbstractPollingIoProcessor$Processor.run(AbstractPollingIoProcessor.java:1152)
	at org.apache.mina.util.NamePreservingRunnable.run(NamePreservingRunnable.java:64)
	at java.util.concurrent.ThreadPoolExecutor$Worker.runTask(Unknown Source)
	at java.util.concurrent.ThreadPoolExecutor$Worker.run(Unknown Source)
	at java.lang.Thread.run(Unknown Source)

java.lang.NullPointerException
	at server.TimerManager.schedule(TimerManager.java:83)
	at client.MapleClient.sendPing(MapleClient.java:705)
	at net.MapleServerHandler.sessionIdle(MapleServerHandler.java:130)
	at org.apache.mina.core.filterchain.DefaultIoFilterChain$TailFilter.sessionIdle(DefaultIoFilterChain.java:689)
	at org.apache.mina.core.filterchain.DefaultIoFilterChain.callNextSessionIdle(DefaultIoFilterChain.java:412)
	at org.apache.mina.core.filterchain.DefaultIoFilterChain.access$1000(DefaultIoFilterChain.java:46)
	at org.apache.mina.core.filterchain.DefaultIoFilterChain$EntryImpl$1.sessionIdle(DefaultIoFilterChain.java:786)
	at org.apache.mina.core.filterchain.IoFilterAdapter.sessionIdle(IoFilterAdapter.java:103)
	at org.apache.mina.core.filterchain.DefaultIoFilterChain.callNextSessionIdle(DefaultIoFilterChain.java:412)
	at org.apache.mina.core.filterchain.DefaultIoFilterChain.access$1000(DefaultIoFilterChain.java:46)
	at org.apache.mina.core.filterchain.DefaultIoFilterChain$EntryImpl$1.sessionIdle(DefaultIoFilterChain.java:786)
	at org.apache.mina.core.filterchain.IoFilterAdapter.sessionIdle(IoFilterAdapter.java:103)
	at org.apache.mina.core.filterchain.DefaultIoFilterChain.callNextSessionIdle(DefaultIoFilterChain.java:412)
	at org.apache.mina.core.filterchain.DefaultIoFilterChain.fireSessionIdle(DefaultIoFilterChain.java:404)
	at org.apache.mina.core.session.AbstractIoSession.notifyIdleSession0(AbstractIoSession.java:1300)
	at org.apache.mina.core.session.AbstractIoSession.notifyIdleSession(AbstractIoSession.java:1283)
	at org.apache.mina.core.session.AbstractIoSession.notifyIdleness(AbstractIoSession.java:1271)
	at org.apache.mina.core.polling.AbstractPollingIoProcessor.notifyIdleSessions(AbstractPollingIoProcessor.java:770)
	at org.apache.mina.core.polling.AbstractPollingIoProcessor.access$900(AbstractPollingIoProcessor.java:68)
	at org.apache.mina.core.polling.AbstractPollingIoProcessor$Processor.run(AbstractPollingIoProcessor.java:1152)
	at org.apache.mina.util.NamePreservingRunnable.run(NamePreservingRunnable.java:64)
	at java.util.concurrent.ThreadPoolExecutor$Worker.runTask(Unknown Source)
	at java.util.concurrent.ThreadPoolExecutor$Worker.run(Unknown Source)
	at java.lang.Thread.run(Unknown Source)

java.lang.NullPointerException
	at server.TimerManager.schedule(TimerManager.java:83)
	at client.MapleClient.sendPing(MapleClient.java:705)
	at net.MapleServerHandler.sessionIdle(MapleServerHandler.java:130)
	at org.apache.mina.core.filterchain.DefaultIoFilterChain$TailFilter.sessionIdle(DefaultIoFilterChain.java:689)
	at org.apache.mina.core.filterchain.DefaultIoFilterChain.callNextSessionIdle(DefaultIoFilterChain.java:412)
	at org.apache.mina.core.filterchain.DefaultIoFilterChain.access$1000(DefaultIoFilterChain.java:46)
	at org.apache.mina.core.filterchain.DefaultIoFilterChain$EntryImpl$1.sessionIdle(DefaultIoFilterChain.java:786)
	at org.apache.mina.core.filterchain.IoFilterAdapter.sessionIdle(IoFilterAdapter.java:103)
	at org.apache.mina.core.filterchain.DefaultIoFilterChain.callNextSessionIdle(DefaultIoFilterChain.java:412)
	at org.apache.mina.core.filterchain.DefaultIoFilterChain.access$1000(DefaultIoFilterChain.java:46)
	at org.apache.mina.core.filterchain.DefaultIoFilterChain$EntryImpl$1.sessionIdle(DefaultIoFilterChain.java:786)
	at org.apache.mina.core.filterchain.IoFilterAdapter.sessionIdle(IoFilterAdapter.java:103)
	at org.apache.mina.core.filterchain.DefaultIoFilterChain.callNextSessionIdle(DefaultIoFilterChain.java:412)
	at org.apache.mina.core.filterchain.DefaultIoFilterChain.fireSessionIdle(DefaultIoFilterChain.java:404)
	at org.apache.mina.core.session.AbstractIoSession.notifyIdleSession0(AbstractIoSession.java:1300)
	at org.apache.mina.core.session.AbstractIoSession.notifyIdleSession(AbstractIoSession.java:1283)
	at org.apache.mina.core.session.AbstractIoSession.notifyIdleness(AbstractIoSession.java:1271)
	at org.apache.mina.core.polling.AbstractPollingIoProcessor.notifyIdleSessions(AbstractPollingIoProcessor.java:770)
	at org.apache.mina.core.polling.AbstractPollingIoProcessor.access$900(AbstractPollingIoProcessor.java:68)
	at org.apache.mina.core.polling.AbstractPollingIoProcessor$Processor.run(AbstractPollingIoProcessor.java:1152)
	at org.apache.mina.util.NamePreservingRunnable.run(NamePreservingRunnable.java:64)
	at java.util.concurrent.ThreadPoolExecutor$Worker.runTask(Unknown Source)
	at java.util.concurrent.ThreadPoolExecutor$Worker.run(Unknown Source)
	at java.lang.Thread.run(Unknown Source)

java.lang.NullPointerException
	at server.TimerManager.schedule(TimerManager.java:83)
	at client.MapleClient.sendPing(MapleClient.java:705)
	at net.MapleServerHandler.sessionIdle(MapleServerHandler.java:130)
	at org.apache.mina.core.filterchain.DefaultIoFilterChain$TailFilter.sessionIdle(DefaultIoFilterChain.java:689)
	at org.apache.mina.core.filterchain.DefaultIoFilterChain.callNextSessionIdle(DefaultIoFilterChain.java:412)
	at org.apache.mina.core.filterchain.DefaultIoFilterChain.access$1000(DefaultIoFilterChain.java:46)
	at org.apache.mina.core.filterchain.DefaultIoFilterChain$EntryImpl$1.sessionIdle(DefaultIoFilterChain.java:786)
	at org.apache.mina.core.filterchain.IoFilterAdapter.sessionIdle(IoFilterAdapter.java:103)
	at org.apache.mina.core.filterchain.DefaultIoFilterChain.callNextSessionIdle(DefaultIoFilterChain.java:412)
	at org.apache.mina.core.filterchain.DefaultIoFilterChain.access$1000(DefaultIoFilterChain.java:46)
	at org.apache.mina.core.filterchain.DefaultIoFilterChain$EntryImpl$1.sessionIdle(DefaultIoFilterChain.java:786)
	at org.apache.mina.core.filterchain.IoFilterAdapter.sessionIdle(IoFilterAdapter.java:103)
	at org.apache.mina.core.filterchain.DefaultIoFilterChain.callNextSessionIdle(DefaultIoFilterChain.java:412)
	at org.apache.mina.core.filterchain.DefaultIoFilterChain.fireSessionIdle(DefaultIoFilterChain.java:404)
	at org.apache.mina.core.session.AbstractIoSession.notifyIdleSession0(AbstractIoSession.java:1300)
	at org.apache.mina.core.session.AbstractIoSession.notifyIdleSession(AbstractIoSession.java:1283)
	at org.apache.mina.core.session.AbstractIoSession.notifyIdleness(AbstractIoSession.java:1271)
	at org.apache.mina.core.polling.AbstractPollingIoProcessor.notifyIdleSessions(AbstractPollingIoProcessor.java:770)
	at org.apache.mina.core.polling.AbstractPollingIoProcessor.access$900(AbstractPollingIoProcessor.java:68)
	at org.apache.mina.core.polling.AbstractPollingIoProcessor$Processor.run(AbstractPollingIoProcessor.java:1152)
	at org.apache.mina.util.NamePreservingRunnable.run(NamePreservingRunnable.java:64)
	at java.util.concurrent.ThreadPoolExecutor$Worker.runTask(Unknown Source)
	at java.util.concurrent.ThreadPoolExecutor$Worker.run(Unknown Source)
	at java.lang.Thread.run(Unknown Source)

java.lang.NullPointerException
	at server.TimerManager.schedule(TimerManager.java:83)
	at client.MapleClient.sendPing(MapleClient.java:705)
	at net.MapleServerHandler.sessionIdle(MapleServerHandler.java:130)
	at org.apache.mina.core.filterchain.DefaultIoFilterChain$TailFilter.sessionIdle(DefaultIoFilterChain.java:689)
	at org.apache.mina.core.filterchain.DefaultIoFilterChain.callNextSessionIdle(DefaultIoFilterChain.java:412)
	at org.apache.mina.core.filterchain.DefaultIoFilterChain.access$1000(DefaultIoFilterChain.java:46)
	at org.apache.mina.core.filterchain.DefaultIoFilterChain$EntryImpl$1.sessionIdle(DefaultIoFilterChain.java:786)
	at org.apache.mina.core.filterchain.IoFilterAdapter.sessionIdle(IoFilterAdapter.java:103)
	at org.apache.mina.core.filterchain.DefaultIoFilterChain.callNextSessionIdle(DefaultIoFilterChain.java:412)
	at org.apache.mina.core.filterchain.DefaultIoFilterChain.access$1000(DefaultIoFilterChain.java:46)
	at org.apache.mina.core.filterchain.DefaultIoFilterChain$EntryImpl$1.sessionIdle(DefaultIoFilterChain.java:786)
	at org.apache.mina.core.filterchain.IoFilterAdapter.sessionIdle(IoFilterAdapter.java:103)
	at org.apache.mina.core.filterchain.DefaultIoFilterChain.callNextSessionIdle(DefaultIoFilterChain.java:412)
	at org.apache.mina.core.filterchain.DefaultIoFilterChain.fireSessionIdle(DefaultIoFilterChain.java:404)
	at org.apache.mina.core.session.AbstractIoSession.notifyIdleSession0(AbstractIoSession.java:1300)
	at org.apache.mina.core.session.AbstractIoSession.notifyIdleSession(AbstractIoSession.java:1283)
	at org.apache.mina.core.session.AbstractIoSession.notifyIdleness(AbstractIoSession.java:1271)
	at org.apache.mina.core.polling.AbstractPollingIoProcessor.notifyIdleSessions(AbstractPollingIoProcessor.java:770)
	at org.apache.mina.core.polling.AbstractPollingIoProcessor.access$900(AbstractPollingIoProcessor.java:68)
	at org.apache.mina.core.polling.AbstractPollingIoProcessor$Processor.run(AbstractPollingIoProcessor.java:1152)
	at org.apache.mina.util.NamePreservingRunnable.run(NamePreservingRunnable.java:64)
	at java.util.concurrent.ThreadPoolExecutor$Worker.runTask(Unknown Source)
	at java.util.concurrent.ThreadPoolExecutor$Worker.run(Unknown Source)
	at java.lang.Thread.run(Unknown Source)

java.lang.NullPointerException
	at server.TimerManager.schedule(TimerManager.java:83)
	at client.MapleClient.sendPing(MapleClient.java:705)
	at net.MapleServerHandler.sessionIdle(MapleServerHandler.java:130)
	at org.apache.mina.core.filterchain.DefaultIoFilterChain$TailFilter.sessionIdle(DefaultIoFilterChain.java:689)
	at org.apache.mina.core.filterchain.DefaultIoFilterChain.callNextSessionIdle(DefaultIoFilterChain.java:412)
	at org.apache.mina.core.filterchain.DefaultIoFilterChain.access$1000(DefaultIoFilterChain.java:46)
	at org.apache.mina.core.filterchain.DefaultIoFilterChain$EntryImpl$1.sessionIdle(DefaultIoFilterChain.java:786)
	at org.apache.mina.core.filterchain.IoFilterAdapter.sessionIdle(IoFilterAdapter.java:103)
	at org.apache.mina.core.filterchain.DefaultIoFilterChain.callNextSessionIdle(DefaultIoFilterChain.java:412)
	at org.apache.mina.core.filterchain.DefaultIoFilterChain.access$1000(DefaultIoFilterChain.java:46)
	at org.apache.mina.core.filterchain.DefaultIoFilterChain$EntryImpl$1.sessionIdle(DefaultIoFilterChain.java:786)
	at org.apache.mina.core.filterchain.IoFilterAdapter.sessionIdle(IoFilterAdapter.java:103)
	at org.apache.mina.core.filterchain.DefaultIoFilterChain.callNextSessionIdle(DefaultIoFilterChain.java:412)
	at org.apache.mina.core.filterchain.DefaultIoFilterChain.fireSessionIdle(DefaultIoFilterChain.java:404)
	at org.apache.mina.core.session.AbstractIoSession.notifyIdleSession0(AbstractIoSession.java:1300)
	at org.apache.mina.core.session.AbstractIoSession.notifyIdleSession(AbstractIoSession.java:1283)
	at org.apache.mina.core.session.AbstractIoSession.notifyIdleness(AbstractIoSession.java:1271)
	at org.apache.mina.core.polling.AbstractPollingIoProcessor.notifyIdleSessions(AbstractPollingIoProcessor.java:770)
	at org.apache.mina.core.polling.AbstractPollingIoProcessor.access$900(AbstractPollingIoProcessor.java:68)
	at org.apache.mina.core.polling.AbstractPollingIoProcessor$Processor.run(AbstractPollingIoProcessor.java:1152)
	at org.apache.mina.util.NamePreservingRunnable.run(NamePreservingRunnable.java:64)
	at java.util.concurrent.ThreadPoolExecutor$Worker.runTask(Unknown Source)
	at java.util.concurrent.ThreadPoolExecutor$Worker.run(Unknown Source)
	at java.lang.Thread.run(Unknown Source)

java.lang.NullPointerException
	at server.TimerManager.schedule(TimerManager.java:83)
	at client.MapleClient.sendPing(MapleClient.java:705)
	at net.MapleServerHandler.sessionIdle(MapleServerHandler.java:130)
	at org.apache.mina.core.filterchain.DefaultIoFilterChain$TailFilter.sessionIdle(DefaultIoFilterChain.java:689)
	at org.apache.mina.core.filterchain.DefaultIoFilterChain.callNextSessionIdle(DefaultIoFilterChain.java:412)
	at org.apache.mina.core.filterchain.DefaultIoFilterChain.access$1000(DefaultIoFilterChain.java:46)
	at org.apache.mina.core.filterchain.DefaultIoFilterChain$EntryImpl$1.sessionIdle(DefaultIoFilterChain.java:786)
	at org.apache.mina.core.filterchain.IoFilterAdapter.sessionIdle(IoFilterAdapter.java:103)
	at org.apache.mina.core.filterchain.DefaultIoFilterChain.callNextSessionIdle(DefaultIoFilterChain.java:412)
	at org.apache.mina.core.filterchain.DefaultIoFilterChain.access$1000(DefaultIoFilterChain.java:46)
	at org.apache.mina.core.filterchain.DefaultIoFilterChain$EntryImpl$1.sessionIdle(DefaultIoFilterChain.java:786)
	at org.apache.mina.core.filterchain.IoFilterAdapter.sessionIdle(IoFilterAdapter.java:103)
	at org.apache.mina.core.filterchain.DefaultIoFilterChain.callNextSessionIdle(DefaultIoFilterChain.java:412)
	at org.apache.mina.core.filterchain.DefaultIoFilterChain.fireSessionIdle(DefaultIoFilterChain.java:404)
	at org.apache.mina.core.session.AbstractIoSession.notifyIdleSession0(AbstractIoSession.java:1300)
	at org.apache.mina.core.session.AbstractIoSession.notifyIdleSession(AbstractIoSession.java:1283)
	at org.apache.mina.core.session.AbstractIoSession.notifyIdleness(AbstractIoSession.java:1271)
	at org.apache.mina.core.polling.AbstractPollingIoProcessor.notifyIdleSessions(AbstractPollingIoProcessor.java:770)
	at org.apache.mina.core.polling.AbstractPollingIoProcessor.access$900(AbstractPollingIoProcessor.java:68)
	at org.apache.mina.core.polling.AbstractPollingIoProcessor$Processor.run(AbstractPollingIoProcessor.java:1152)
	at org.apache.mina.util.NamePreservingRunnable.run(NamePreservingRunnable.java:64)
	at java.util.concurrent.ThreadPoolExecutor$Worker.runTask(Unknown Source)
	at java.util.concurrent.ThreadPoolExecutor$Worker.run(Unknown Source)
	at java.lang.Thread.run(Unknown Source)

java.lang.NullPointerException
	at server.TimerManager.schedule(TimerManager.java:83)
	at client.MapleClient.sendPing(MapleClient.java:705)
	at net.MapleServerHandler.sessionIdle(MapleServerHandler.java:130)
	at org.apache.mina.core.filterchain.DefaultIoFilterChain$TailFilter.sessionIdle(DefaultIoFilterChain.java:689)
	at org.apache.mina.core.filterchain.DefaultIoFilterChain.callNextSessionIdle(DefaultIoFilterChain.java:412)
	at org.apache.mina.core.filterchain.DefaultIoFilterChain.access$1000(DefaultIoFilterChain.java:46)
	at org.apache.mina.core.filterchain.DefaultIoFilterChain$EntryImpl$1.sessionIdle(DefaultIoFilterChain.java:786)
	at org.apache.mina.core.filterchain.IoFilterAdapter.sessionIdle(IoFilterAdapter.java:103)
	at org.apache.mina.core.filterchain.DefaultIoFilterChain.callNextSessionIdle(DefaultIoFilterChain.java:412)
	at org.apache.mina.core.filterchain.DefaultIoFilterChain.access$1000(DefaultIoFilterChain.java:46)
	at org.apache.mina.core.filterchain.DefaultIoFilterChain$EntryImpl$1.sessionIdle(DefaultIoFilterChain.java:786)
	at org.apache.mina.core.filterchain.IoFilterAdapter.sessionIdle(IoFilterAdapter.java:103)
	at org.apache.mina.core.filterchain.DefaultIoFilterChain.callNextSessionIdle(DefaultIoFilterChain.java:412)
	at org.apache.mina.core.filterchain.DefaultIoFilterChain.fireSessionIdle(DefaultIoFilterChain.java:404)
	at org.apache.mina.core.session.AbstractIoSession.notifyIdleSession0(AbstractIoSession.java:1300)
	at org.apache.mina.core.session.AbstractIoSession.notifyIdleSession(AbstractIoSession.java:1283)
	at org.apache.mina.core.session.AbstractIoSession.notifyIdleness(AbstractIoSession.java:1271)
	at org.apache.mina.core.polling.AbstractPollingIoProcessor.notifyIdleSessions(AbstractPollingIoProcessor.java:770)
	at org.apache.mina.core.polling.AbstractPollingIoProcessor.access$900(AbstractPollingIoProcessor.java:68)
	at org.apache.mina.core.polling.AbstractPollingIoProcessor$Processor.run(AbstractPollingIoProcessor.java:1152)
	at org.apache.mina.util.NamePreservingRunnable.run(NamePreservingRunnable.java:64)
	at java.util.concurrent.ThreadPoolExecutor$Worker.runTask(Unknown Source)
	at java.util.concurrent.ThreadPoolExecutor$Worker.run(Unknown Source)
	at java.lang.Thread.run(Unknown Source)

java.lang.NullPointerException
	at server.TimerManager.schedule(TimerManager.java:83)
	at client.MapleClient.sendPing(MapleClient.java:705)
	at net.MapleServerHandler.sessionIdle(MapleServerHandler.java:130)
	at org.apache.mina.core.filterchain.DefaultIoFilterChain$TailFilter.sessionIdle(DefaultIoFilterChain.java:689)
	at org.apache.mina.core.filterchain.DefaultIoFilterChain.callNextSessionIdle(DefaultIoFilterChain.java:412)
	at org.apache.mina.core.filterchain.DefaultIoFilterChain.access$1000(DefaultIoFilterChain.java:46)
	at org.apache.mina.core.filterchain.DefaultIoFilterChain$EntryImpl$1.sessionIdle(DefaultIoFilterChain.java:786)
	at org.apache.mina.core.filterchain.IoFilterAdapter.sessionIdle(IoFilterAdapter.java:103)
	at org.apache.mina.core.filterchain.DefaultIoFilterChain.callNextSessionIdle(DefaultIoFilterChain.java:412)
	at org.apache.mina.core.filterchain.DefaultIoFilterChain.access$1000(DefaultIoFilterChain.java:46)
	at org.apache.mina.core.filterchain.DefaultIoFilterChain$EntryImpl$1.sessionIdle(DefaultIoFilterChain.java:786)
	at org.apache.mina.core.filterchain.IoFilterAdapter.sessionIdle(IoFilterAdapter.java:103)
	at org.apache.mina.core.filterchain.DefaultIoFilterChain.callNextSessionIdle(DefaultIoFilterChain.java:412)
	at org.apache.mina.core.filterchain.DefaultIoFilterChain.fireSessionIdle(DefaultIoFilterChain.java:404)
	at org.apache.mina.core.session.AbstractIoSession.notifyIdleSession0(AbstractIoSession.java:1300)
	at org.apache.mina.core.session.AbstractIoSession.notifyIdleSession(AbstractIoSession.java:1283)
	at org.apache.mina.core.session.AbstractIoSession.notifyIdleness(AbstractIoSession.java:1271)
	at org.apache.mina.core.polling.AbstractPollingIoProcessor.notifyIdleSessions(AbstractPollingIoProcessor.java:770)
	at org.apache.mina.core.polling.AbstractPollingIoProcessor.access$900(AbstractPollingIoProcessor.java:68)
	at org.apache.mina.core.polling.AbstractPollingIoProcessor$Processor.run(AbstractPollingIoProcessor.java:1152)
	at org.apache.mina.util.NamePreservingRunnable.run(NamePreservingRunnable.java:64)
	at java.util.concurrent.ThreadPoolExecutor$Worker.runTask(Unknown Source)
	at java.util.concurrent.ThreadPoolExecutor$Worker.run(Unknown Source)
	at java.lang.Thread.run(Unknown Source)

java.lang.NullPointerException
	at server.TimerManager.schedule(TimerManager.java:83)
	at client.MapleClient.sendPing(MapleClient.java:705)
	at net.MapleServerHandler.sessionIdle(MapleServerHandler.java:130)
	at org.apache.mina.core.filterchain.DefaultIoFilterChain$TailFilter.sessionIdle(DefaultIoFilterChain.java:689)
	at org.apache.mina.core.filterchain.DefaultIoFilterChain.callNextSessionIdle(DefaultIoFilterChain.java:412)
	at org.apache.mina.core.filterchain.DefaultIoFilterChain.access$1000(DefaultIoFilterChain.java:46)
	at org.apache.mina.core.filterchain.DefaultIoFilterChain$EntryImpl$1.sessionIdle(DefaultIoFilterChain.java:786)
	at org.apache.mina.core.filterchain.IoFilterAdapter.sessionIdle(IoFilterAdapter.java:103)
	at org.apache.mina.core.filterchain.DefaultIoFilterChain.callNextSessionIdle(DefaultIoFilterChain.java:412)
	at org.apache.mina.core.filterchain.DefaultIoFilterChain.access$1000(DefaultIoFilterChain.java:46)
	at org.apache.mina.core.filterchain.DefaultIoFilterChain$EntryImpl$1.sessionIdle(DefaultIoFilterChain.java:786)
	at org.apache.mina.core.filterchain.IoFilterAdapter.sessionIdle(IoFilterAdapter.java:103)
	at org.apache.mina.core.filterchain.DefaultIoFilterChain.callNextSessionIdle(DefaultIoFilterChain.java:412)
	at org.apache.mina.core.filterchain.DefaultIoFilterChain.fireSessionIdle(DefaultIoFilterChain.java:404)
	at org.apache.mina.core.session.AbstractIoSession.notifyIdleSession0(AbstractIoSession.java:1300)
	at org.apache.mina.core.session.AbstractIoSession.notifyIdleSession(AbstractIoSession.java:1283)
	at org.apache.mina.core.session.AbstractIoSession.notifyIdleness(AbstractIoSession.java:1271)
	at org.apache.mina.core.polling.AbstractPollingIoProcessor.notifyIdleSessions(AbstractPollingIoProcessor.java:770)
	at org.apache.mina.core.polling.AbstractPollingIoProcessor.access$900(AbstractPollingIoProcessor.java:68)
	at org.apache.mina.core.polling.AbstractPollingIoProcessor$Processor.run(AbstractPollingIoProcessor.java:1152)
	at org.apache.mina.util.NamePreservingRunnable.run(NamePreservingRunnable.java:64)
	at java.util.concurrent.ThreadPoolExecutor$Worker.runTask(Unknown Source)
	at java.util.concurrent.ThreadPoolExecutor$Worker.run(Unknown Source)
	at java.lang.Thread.run(Unknown Source)

java.lang.NullPointerException
	at server.TimerManager.schedule(TimerManager.java:83)
	at client.MapleClient.sendPing(MapleClient.java:705)
	at net.MapleServerHandler.sessionIdle(MapleServerHandler.java:130)
	at org.apache.mina.core.filterchain.DefaultIoFilterChain$TailFilter.sessionIdle(DefaultIoFilterChain.java:689)
	at org.apache.mina.core.filterchain.DefaultIoFilterChain.callNextSessionIdle(DefaultIoFilterChain.java:412)
	at org.apache.mina.core.filterchain.DefaultIoFilterChain.access$1000(DefaultIoFilterChain.java:46)
	at org.apache.mina.core.filterchain.DefaultIoFilterChain$EntryImpl$1.sessionIdle(DefaultIoFilterChain.java:786)
	at org.apache.mina.core.filterchain.IoFilterAdapter.sessionIdle(IoFilterAdapter.java:103)
	at org.apache.mina.core.filterchain.DefaultIoFilterChain.callNextSessionIdle(DefaultIoFilterChain.java:412)
	at org.apache.mina.core.filterchain.DefaultIoFilterChain.access$1000(DefaultIoFilterChain.java:46)
	at org.apache.mina.core.filterchain.DefaultIoFilterChain$EntryImpl$1.sessionIdle(DefaultIoFilterChain.java:786)
	at org.apache.mina.core.filterchain.IoFilterAdapter.sessionIdle(IoFilterAdapter.java:103)
	at org.apache.mina.core.filterchain.DefaultIoFilterChain.callNextSessionIdle(DefaultIoFilterChain.java:412)
	at org.apache.mina.core.filterchain.DefaultIoFilterChain.fireSessionIdle(DefaultIoFilterChain.java:404)
	at org.apache.mina.core.session.AbstractIoSession.notifyIdleSession0(AbstractIoSession.java:1300)
	at org.apache.mina.core.session.AbstractIoSession.notifyIdleSession(AbstractIoSession.java:1283)
	at org.apache.mina.core.session.AbstractIoSession.notifyIdleness(AbstractIoSession.java:1271)
	at org.apache.mina.core.polling.AbstractPollingIoProcessor.notifyIdleSessions(AbstractPollingIoProcessor.java:770)
	at org.apache.mina.core.polling.AbstractPollingIoProcessor.access$900(AbstractPollingIoProcessor.java:68)
	at org.apache.mina.core.polling.AbstractPollingIoProcessor$Processor.run(AbstractPollingIoProcessor.java:1152)
	at org.apache.mina.util.NamePreservingRunnable.run(NamePreservingRunnable.java:64)
	at java.util.concurrent.ThreadPoolExecutor$Worker.runTask(Unknown Source)
	at java.util.concurrent.ThreadPoolExecutor$Worker.run(Unknown Source)
	at java.lang.Thread.run(Unknown Source)

